<?xml version="1.0" encoding="UTF-8"?>
<!-- Generated by org.testng.reporters.JUnitXMLReporter -->
<testsuite ignored="1" hostname="MSI" failures="0" tests="2" name="groups" time="28.988" errors="0" timestamp="2025-12-22T18:28:06 IST">
  <testcase classname="testNG5.CheckBox1" name="checkboxTest" time="0.246"/>
  <testcase classname="testNG5.RadioButton1" name="radioButtonTest" time="0.171"/>
  <testcase classname="testNG5.LinksTesting1" name="linktesting1" time="0.0">
    <ignored/>
  </testcase> <!-- linktesting1 -->
</testsuite> <!-- groups -->
