<?xml version="1.0" encoding="UTF-8"?>
<!-- Generated by org.testng.reporters.JUnitXMLReporter -->
<testsuite ignored="0" hostname="MSI" failures="0" tests="4" name="Auto_Parameter" time="35.765" errors="0" timestamp="2025-12-22T14:51:10 IST">
  <testcase classname="testNG3.SecondTest" name="amazon" time="4.731"/>
  <testcase classname="testNG3.LinksTesting1" name="linktesting1" time="0.861"/>
  <testcase classname="testNG3.CheckBox1" name="checkboxTest" time="0.154"/>
  <testcase classname="testNG3.RadioButton1" name="radioButtonTest" time="0.142"/>
</testsuite> <!-- Auto_Parameter -->
