<?xml version="1.0" encoding="UTF-8"?>
<!-- Generated by org.testng.reporters.JUnitReportReporter -->
<testsuite hostname="MSI" failures="0" tests="4" name="testNG5.TestDependency" time="0.042" errors="0" timestamp="2025-12-23T14:20:38 IST" skipped="2">
  <testcase classname="testNG5.TestDependency" name="orange" time="0.032"/>
  <testcase classname="testNG5.TestDependency" name="white" time="0.005"/>
  <testcase classname="testNG5.TestDependency" name="blue" time="0.004">
    <skipped/>
  </testcase> <!-- blue -->
  <testcase classname="testNG5.TestDependency" name="green" time="0.001">
    <skipped/>
  </testcase> <!-- green -->
</testsuite> <!-- testNG5.TestDependency -->
