<?xml version="1.0" encoding="UTF-8"?>
<!-- Generated by org.testng.reporters.JUnitReportReporter -->
<testsuite hostname="MSI" failures="0" tests="3" name="testNG1.NewTest" time="0.019" errors="0" timestamp="2025-12-18T14:40:54 IST" skipped="1">
  <testcase classname="testNG1.NewTest" name="f" time="0.013"/>
  <testcase classname="testNG1.NewTest" name="z" time="0.006"/>
  <testcase classname="testNG1.NewTest" name="a">
    <skipped/>
  </testcase> <!-- a -->
</testsuite> <!-- testNG1.NewTest -->
