<?xml version="1.0" encoding="UTF-8"?>
<!-- Generated by org.testng.reporters.JUnitReportReporter -->
<testsuite hostname="MSI" failures="0" tests="7" name="testNG4.Paralleltest" time="0.196" errors="0" timestamp="2025-12-22T15:29:13 IST" skipped="0">
  <testcase classname="testNG4.Paralleltest" name="test3" time="0.028"/>
  <testcase classname="testNG4.Paralleltest" name="test1" time="0.028"/>
  <testcase classname="testNG4.Paralleltest" name="test6" time="0.028"/>
  <testcase classname="testNG4.Paralleltest" name="test2" time="0.028"/>
  <testcase classname="testNG4.Paralleltest" name="test5" time="0.028"/>
  <testcase classname="testNG4.Paralleltest" name="test4" time="0.028"/>
  <testcase classname="testNG4.Paralleltest" name="test7" time="0.028"/>
</testsuite> <!-- testNG4.Paralleltest -->
