<?xml version="1.0" encoding="UTF-8"?>
<!-- Generated by org.testng.reporters.JUnitReportReporter -->
<testsuite hostname="MSI" failures="0" tests="1" name="testNG3.LinksTesting1" time="3.589" errors="0" timestamp="2025-12-22T14:51:10 IST" skipped="0">
  <testcase classname="testNG3.LinksTesting1" name="linktesting1" time="3.589">
    <system-out>
      <![CDATA[Clicked on Image Link]]>
    </system-out>
  </testcase> <!-- linktesting1 -->
  <system-out>
    <![CDATA[Clicked on Image Link]]>
  </system-out>
</testsuite> <!-- testNG3.LinksTesting1 -->
